# JRE version: OpenJDK Runtime Environment (11.0.12) (build 11.0.12+0-b1504.28-7817840)
# Java VM: OpenJDK 64-Bit Server VM (11.0.12+0-b1504.28-7817840, mixed mode, tiered, compressed oops, g1 gc, linux-amd64)
Heap:
 garbage-first heap   total 366592K, used 140484K [0x0000000080000000, 0x0000000100000000)
  region size 1024K, 11 young (11264K), 3 survivors (3072K)
 Metaspace       used 119356K, capacity 122494K, committed 122924K, reserved 1157120K
  class space    used 14578K, capacity 15678K, committed 15744K, reserved 1048576K
GC Heap History (20 events):
Event: 3566,627 GC heap before
{Heap before GC invocations=89 (full 0):
 garbage-first heap   total 183296K, used 136981K [0x0000000080000000, 0x0000000100000000)
  region size 1024K, 8 young (8192K), 1 survivors (1024K)
 Metaspace       used 116653K, capacity 119688K, committed 120364K, reserved 1155072K
  class space    used 14251K, capacity 15316K, committed 15488K, reserved 1048576K
}
Event: 3566,686 GC heap after
{Heap after GC invocations=90 (full 0):
 garbage-first heap   total 183296K, used 130589K [0x0000000080000000, 0x0000000100000000)
  region size 1024K, 1 young (1024K), 1 survivors (1024K)
 Metaspace       used 116653K, capacity 119688K, committed 120364K, reserved 1155072K
  class space    used 14251K, capacity 15316K, committed 15488K, reserved 1048576K
}
Event: 3567,781 GC heap before
{Heap before GC invocations=90 (full 0):
 garbage-first heap   total 183296K, used 137757K [0x0000000080000000, 0x0000000100000000)
  region size 1024K, 8 young (8192K), 1 survivors (1024K)
 Metaspace       used 117035K, capacity 120077K, committed 120620K, reserved 1155072K
  class space    used 14302K, capacity 15358K, committed 15488K, reserved 1048576K
}
Event: 3567,981 GC heap after
{Heap after GC invocations=91 (full 0):
 garbage-first heap   total 183296K, used 125351K [0x0000000080000000, 0x0000000100000000)
  region size 1024K, 1 young (1024K), 1 survivors (1024K)
 Metaspace       used 117035K, capacity 120077K, committed 120620K, reserved 1155072K
  class space    used 14302K, capacity 15358K, committed 15488K, reserved 1048576K
}
Event: 3570,219 GC heap before
{Heap before GC invocations=91 (full 0):
 garbage-first heap   total 183296K, used 132519K [0x0000000080000000, 0x0000000100000000)
  region size 1024K, 8 young (8192K), 1 survivors (1024K)
 Metaspace       used 117715K, capacity 120779K, committed 121260K, reserved 1155072K
  class space    used 14419K, capacity 15475K, committed 15616K, reserved 1048576K
}
Event: 3570,494 GC heap after
{Heap after GC invocations=92 (full 0):
 garbage-first heap   total 183296K, used 122309K [0x0000000080000000, 0x0000000100000000)
  region size 1024K, 1 young (1024K), 1 survivors (1024K)
 Metaspace       used 117715K, capacity 120779K, committed 121260K, reserved 1155072K
  class space    used 14419K, capacity 15475K, committed 15616K, reserved 1048576K
}
Event: 3572,262 GC heap before
{Heap before GC invocations=92 (full 0):
 garbage-first heap   total 183296K, used 129477K [0x0000000080000000, 0x0000000100000000)
  region size 1024K, 8 young (8192K), 1 survivors (1024K)
 Metaspace       used 117853K, capacity 120991K, committed 121260K, reserved 1155072K
  class space    used 14442K, capacity 15546K, committed 15616K, reserved 1048576K
}
Event: 3572,325 GC heap after
{Heap after GC invocations=93 (full 0):
 garbage-first heap   total 183296K, used 122404K [0x0000000080000000, 0x0000000100000000)
  region size 1024K, 1 young (1024K), 1 survivors (1024K)
 Metaspace       used 117853K, capacity 120991K, committed 121260K, reserved 1155072K
  class space    used 14442K, capacity 15546K, committed 15616K, reserved 1048576K
}
Event: 3576,000 GC heap before
{Heap before GC invocations=93 (full 0):
 garbage-first heap   total 183296K, used 128548K [0x0000000080000000, 0x0000000100000000)
  region size 1024K, 8 young (8192K), 1 survivors (1024K)
 Metaspace       used 117876K, capacity 120994K, committed 121260K, reserved 1155072K
  class space    used 14442K, capacity 15546K, committed 15616K, reserved 1048576K
}
Event: 3576,005 GC heap after
{Heap after GC invocations=94 (full 0):
 garbage-first heap   total 183296K, used 122926K [0x0000000080000000, 0x0000000100000000)
  region size 1024K, 1 young (1024K), 1 survivors (1024K)
 Metaspace       used 117876K, capacity 120994K, committed 121260K, reserved 1155072K
  class space    used 14442K, capacity 15546K, committed 15616K, reserved 1048576K
}
Event: 3577,941 GC heap before
{Heap before GC invocations=95 (full 0):
 garbage-first heap   total 183296K, used 130094K [0x0000000080000000, 0x0000000100000000)
  region size 1024K, 8 young (8192K), 1 survivors (1024K)
 Metaspace       used 118045K, capacity 121172K, committed 121516K, reserved 1155072K
  class space    used 14458K, capacity 15558K, committed 15616K, reserved 1048576K
}
Event: 3577,999 GC heap after
{Heap after GC invocations=96 (full 0):
 garbage-first heap   total 366592K, used 123304K [0x0000000080000000, 0x0000000100000000)
  region size 1024K, 1 young (1024K), 1 survivors (1024K)
 Metaspace       used 118045K, capacity 121172K, committed 121516K, reserved 1155072K
  class space    used 14458K, capacity 15558K, committed 15616K, reserved 1048576K
}
Event: 3581,166 GC heap before
{Heap before GC invocations=96 (full 0):
 garbage-first heap   total 366592K, used 138664K [0x0000000080000000, 0x0000000100000000)
  region size 1024K, 17 young (17408K), 1 survivors (1024K)
 Metaspace       used 118865K, capacity 122014K, committed 122412K, reserved 1157120K
  class space    used 14553K, capacity 15646K, committed 15744K, reserved 1048576K
}
Event: 3581,233 GC heap after
{Heap after GC invocations=97 (full 0):
 garbage-first heap   total 366592K, used 124037K [0x0000000080000000, 0x0000000100000000)
  region size 1024K, 2 young (2048K), 2 survivors (2048K)
 Metaspace       used 118865K, capacity 122014K, committed 122412K, reserved 1157120K
  class space    used 14553K, capacity 15646K, committed 15744K, reserved 1048576K
}
Event: 3582,549 GC heap before
{Heap before GC invocations=97 (full 0):
 garbage-first heap   total 366592K, used 139397K [0x0000000080000000, 0x0000000100000000)
  region size 1024K, 17 young (17408K), 2 survivors (2048K)
 Metaspace       used 119168K, capacity 122302K, committed 122668K, reserved 1157120K
  class space    used 14578K, capacity 15678K, committed 15744K, reserved 1048576K
}
Event: 3582,558 GC heap after
{Heap after GC invocations=98 (full 0):
 garbage-first heap   total 366592K, used 124641K [0x0000000080000000, 0x0000000100000000)
  region size 1024K, 2 young (2048K), 2 survivors (2048K)
 Metaspace       used 119168K, capacity 122302K, committed 122668K, reserved 1157120K
  class space    used 14578K, capacity 15678K, committed 15744K, reserved 1048576K
}
Event: 3583,184 GC heap before
{Heap before GC invocations=99 (full 0):
 garbage-first heap   total 366592K, used 140001K [0x0000000080000000, 0x0000000100000000)
  region size 1024K, 17 young (17408K), 2 survivors (2048K)
 Metaspace       used 119324K, capacity 122430K, committed 122668K, reserved 1157120K
  class space    used 14578K, capacity 15678K, committed 15744K, reserved 1048576K
}
Event: 3583,254 GC heap after
{Heap after GC invocations=100 (full 0):
 garbage-first heap   total 366592K, used 127699K [0x0000000080000000, 0x0000000100000000)
  region size 1024K, 3 young (3072K), 3 survivors (3072K)
 Metaspace       used 119324K, capacity 122430K, committed 122668K, reserved 1157120K
  class space    used 14578K, capacity 15678K, committed 15744K, reserved 1048576K
}
Event: 3583,708 GC heap before
{Heap before GC invocations=100 (full 0):
 garbage-first heap   total 366592K, used 142035K [0x0000000080000000, 0x0000000100000000)
  region size 1024K, 18 young (18432K), 3 survivors (3072K)
 Metaspace       used 119340K, capacity 122430K, committed 122668K, reserved 1157120K
  class space    used 14578K, capacity 15678K, committed 15744K, reserved 1048576K
}
Event: 3584,093 GC heap after
{Heap after GC invocations=101 (full 0):
 garbage-first heap   total 366592K, used 133316K [0x0000000080000000, 0x0000000100000000)
  region size 1024K, 3 young (3072K), 3 survivors (3072K)
 Metaspace       used 119340K, capacity 122430K, committed 122668K, reserved 1157120K
  class space    used 14578K, capacity 15678K, committed 15744K, reserved 1048576K
}

